app/build/intermediates/manifest_merge_blame_file/debug/manifest-merger-blame-debug-report.txt
1<?xml version="1.0" encoding="utf-8"?>
2<manifest xmlns:android="http://schemas.android.com/apk/res/android"
3    package="mx.edu.utng.firebaseapp"
4    android:versionCode="1"
5    android:versionName="1.0" >
6
7    <uses-sdk
8        android:minSdkVersion="25"
8-->src\main\AndroidManifest.xml
9        android:targetSdkVersion="29" />
9-->src\main\AndroidManifest.xml
10
11    <uses-permission android:name="android.permission.ACCESS_NETWORK_STATE" />
11-->[com.google.firebase:firebase-database:16.0.4] AndroidManifest.xml:22:5-79
11-->[com.google.firebase:firebase-database:16.0.4] AndroidManifest.xml:22:22-76
12    <uses-permission android:name="android.permission.INTERNET" />
12-->[com.google.firebase:firebase-database:16.0.4] AndroidManifest.xml:23:5-67
12-->[com.google.firebase:firebase-database:16.0.4] AndroidManifest.xml:23:22-64
13
14    <application
14-->src\main\AndroidManifest.xml:5:5-19:19
15        android:allowBackup="true"
15-->src\main\AndroidManifest.xml:6:9-35
16        android:appComponentFactory="androidx.core.app.CoreComponentFactory"
16-->[androidx.core:core:1.0.1] AndroidManifest.xml:22:18-86
17        android:debuggable="true"
18        android:icon="@mipmap/ic_launcher"
18-->src\main\AndroidManifest.xml:7:9-43
19        android:label="@string/app_name"
19-->src\main\AndroidManifest.xml:8:9-41
20        android:roundIcon="@mipmap/ic_launcher_round"
20-->src\main\AndroidManifest.xml:9:9-54
21        android:supportsRtl="true"
21-->src\main\AndroidManifest.xml:10:9-35
22        android:theme="@style/AppTheme" >
22-->src\main\AndroidManifest.xml:11:9-40
23        <activity android:name="mx.edu.utng.firebaseapp.MainActivity" >
23-->src\main\AndroidManifest.xml:12:9-18:20
23-->src\main\AndroidManifest.xml:12:19-47
24            <intent-filter>
24-->src\main\AndroidManifest.xml:13:13-17:29
25                <action android:name="android.intent.action.MAIN" />
25-->src\main\AndroidManifest.xml:14:17-69
25-->src\main\AndroidManifest.xml:14:25-66
26
27                <category android:name="android.intent.category.LAUNCHER" />
27-->src\main\AndroidManifest.xml:16:17-77
27-->src\main\AndroidManifest.xml:16:27-74
28            </intent-filter>
29        </activity>
30        <activity
30-->[com.google.android.gms:play-services-base:16.0.1] AndroidManifest.xml:23:9-26:75
31            android:name="com.google.android.gms.common.api.GoogleApiActivity"
31-->[com.google.android.gms:play-services-base:16.0.1] AndroidManifest.xml:24:13-79
32            android:exported="false"
32-->[com.google.android.gms:play-services-base:16.0.1] AndroidManifest.xml:25:13-37
33            android:theme="@android:style/Theme.Translucent.NoTitleBar" />
33-->[com.google.android.gms:play-services-base:16.0.1] AndroidManifest.xml:26:13-72
34
35        <provider
35-->[com.google.firebase:firebase-common:16.0.3] AndroidManifest.xml:10:9-14:39
36            android:name="com.google.firebase.provider.FirebaseInitProvider"
36-->[com.google.firebase:firebase-common:16.0.3] AndroidManifest.xml:11:13-77
37            android:authorities="mx.edu.utng.firebaseapp.firebaseinitprovider"
37-->[com.google.firebase:firebase-common:16.0.3] AndroidManifest.xml:12:13-72
38            android:exported="false"
38-->[com.google.firebase:firebase-common:16.0.3] AndroidManifest.xml:13:13-37
39            android:initOrder="100" />
39-->[com.google.firebase:firebase-common:16.0.3] AndroidManifest.xml:14:13-36
40
41        <meta-data
41-->[com.google.android.gms:play-services-basement:16.0.1] AndroidManifest.xml:23:9-25:69
42            android:name="com.google.android.gms.version"
42-->[com.google.android.gms:play-services-basement:16.0.1] AndroidManifest.xml:24:13-58
43            android:value="@integer/google_play_services_version" />
43-->[com.google.android.gms:play-services-basement:16.0.1] AndroidManifest.xml:25:13-66
44    </application>
45
46</manifest>